-------------------------------------------------------------------------------
Test set: interview.StudentTest
-------------------------------------------------------------------------------
Tests run: 1, Failures: 1, Errors: 0, Skipped: 0, Time elapsed: 0.014 s <<< FAILURE! - in interview.StudentTest
testAgeBoundary  Time elapsed: 0.011 s  <<< FAILURE!
org.opentest4j.AssertionFailedError: expected: <140> but was: <150>
	at interview.StudentTest.testAgeBoundary(StudentTest.java:175)

