<?xml version="1.0" encoding="UTF-8"?>
<testsuite xmlns:xsi="http://www.w3.org/2001/XMLSchema-instance" xsi:noNamespaceSchemaLocation="https://maven.apache.org/surefire/maven-surefire-plugin/xsd/surefire-test-report.xsd" name="interview.GraduateStudentTest" time="0.007" tests="19" errors="0" skipped="0" failures="0">
  <properties>
[...]
</properties>
  <testcase name="testSerializationRoundTrip" classname="interview.GraduateStudentTest" time="0"/>
  <testcase name="testInheritedMethods" classname="interview.GraduateStudentTest" time="0.001"/>
  <testcase name="testLetterGradeInheritance" classname="interview.GraduateStudentTest" time="0"/>
  <testcase name="testConstructorValid" classname="interview.GraduateStudentTest" time="0"/>
  <testcase name="testSetAdvisorValidation" classname="interview.GraduateStudentTest" time="0.001"/>
  <testcase name="testInheritedSettersWithValidation" classname="interview.GraduateStudentTest" time="0"/>
  <testcase name="testCompareTo" classname="interview.GraduateStudentTest" time="0"/>
  <testcase name="testHashCodeAfterModification" classname="interview.GraduateStudentTest" time="0.001"/>
  <testcase name="testEqualsWithDifferentThesis" classname="interview.GraduateStudentTest" time="0"/>
  <testcase name="testSetThesisTitleEmpty" classname="interview.GraduateStudentTest" time="0.001"/>
  <testcase name="testGraduateAcademicStanding" classname="interview.GraduateStudentTest" time="0"/>
  <testcase name="testConstructorNullThesis" classname="interview.GraduateStudentTest" time="0"/>
  <testcase name="testHonorRollThresholdDifference" classname="interview.GraduateStudentTest" time="0.001"/>
  <testcase name="testEqualsWithRegularStudent" classname="interview.GraduateStudentTest" time="0"/>
  <testcase name="testToggleDegreeType" classname="interview.GraduateStudentTest" time="0"/>
  <testcase name="testPolymorphism" classname="interview.GraduateStudentTest" time="0"/>
  <testcase name="testIsHonorRollOverride" classname="interview.GraduateStudentTest" time="0.001"/>
  <testcase name="testGetDegreeType" classname="interview.GraduateStudentTest" time="0"/>
  <testcase name="testToStringFormat" classname="interview.GraduateStudentTest" time="0.001"/>
</testsuite>