<?xml version="1.0" encoding="UTF-8"?>
<testsuite xmlns:xsi="http://www.w3.org/2001/XMLSchema-instance" xsi:noNamespaceSchemaLocation="https://maven.apache.org/surefire/maven-surefire-plugin/xsd/surefire-test-report.xsd" name="interview.StudentTest" time="0.014" tests="1" errors="0" skipped="0" failures="1">
  <properties>
[...]
</properties>
  <testcase name="testAgeBoundary" classname="interview.StudentTest" time="0.011">
    <failure message="expected: &lt;140&gt; but was: &lt;150&gt;" type="org.opentest4j.AssertionFailedError"><![CDATA[org.opentest4j.AssertionFailedError: expected: <140> but was: <150>
	at interview.StudentTest.testAgeBoundary(StudentTest.java:175)
]]></failure>
  </testcase>
</testsuite>