<?xml version="1.0" encoding="UTF-8"?>
<testsuite xmlns:xsi="http://www.w3.org/2001/XMLSchema-instance" xsi:noNamespaceSchemaLocation="https://maven.apache.org/surefire/maven-surefire-plugin/xsd/surefire-test-report.xsd" name="interview.StudentManagerTest" time="0.011" tests="24" errors="0" skipped="0" failures="2">
  <properties>
[...]
</properties>
  <testcase name="testFindByNameExactCase" classname="interview.StudentManagerTest" time="0.001"/>
  <testcase name="testFindByNameNotFound" classname="interview.StudentManagerTest" time="0"/>
  <testcase name="testAddDuplicateStudent" classname="interview.StudentManagerTest" time="0"/>
  <testcase name="testSaveLoadPreservesOrder" classname="interview.StudentManagerTest" time="0.001"/>
  <testcase name="testGetAllStudentsDefensiveCopy" classname="interview.StudentManagerTest" time="0.001"/>
  <testcase name="testFindByName" classname="interview.StudentManagerTest" time="0"/>
  <testcase name="testRemoveStudentNotFound" classname="interview.StudentManagerTest" time="0"/>
  <testcase name="testLoadFromNonexistentFile" classname="interview.StudentManagerTest" time="0.001"/>
  <testcase name="testAddNullStudent" classname="interview.StudentManagerTest" time="0">
    <failure message="Should throw exception when adding null student ==&gt; Expected java.lang.NullPointerException to be thrown, but nothing was thrown." type="org.opentest4j.AssertionFailedError">org.opentest4j.AssertionFailedError: Should throw exception when adding null student ==> Expected java.lang.NullPointerException to be thrown, but nothing was thrown.
	at interview.StudentManagerTest.testAddNullStudent(StudentManagerTest.java:264)
</failure>
  </testcase>
  <testcase name="testSaveAndLoad" classname="interview.StudentManagerTest" time="0.001"/>
  <testcase name="testAddStudent" classname="interview.StudentManagerTest" time="0"/>
  <testcase name="testLoadFromCorruptedFile" classname="interview.StudentManagerTest" time="0.001"/>
  <testcase name="testRemoveNullName" classname="interview.StudentManagerTest" time="0.001">
    <failure message="Should throw exception when removing with null name ==&gt; Expected java.lang.NullPointerException to be thrown, but nothing was thrown." type="org.opentest4j.AssertionFailedError">org.opentest4j.AssertionFailedError: Should throw exception when removing with null name ==> Expected java.lang.NullPointerException to be thrown, but nothing was thrown.
	at interview.StudentManagerTest.testRemoveNullName(StudentManagerTest.java:273)
</failure>
  </testcase>
  <testcase name="testGetAverageGpaEmpty" classname="interview.StudentManagerTest" time="0"/>
  <testcase name="testGetAllStudents" classname="interview.StudentManagerTest" time="0"/>
  <testcase name="testSortByGpa" classname="interview.StudentManagerTest" time="0.001"/>
  <testcase name="testSortByGpaReturnsNewList" classname="interview.StudentManagerTest" time="0"/>
  <testcase name="testGetHonorRollStudentsNone" classname="interview.StudentManagerTest" time="0"/>
  <testcase name="testFindByNameCaseInsensitive" classname="interview.StudentManagerTest" time="0"/>
  <testcase name="testRemoveStudent" classname="interview.StudentManagerTest" time="0"/>
  <testcase name="testGetHonorRollStudents" classname="interview.StudentManagerTest" time="0"/>
  <testcase name="testRemoveAllStudents" classname="interview.StudentManagerTest" time="0.001"/>
  <testcase name="testGetAverageGpa" classname="interview.StudentManagerTest" time="0"/>
  <testcase name="testSortByGpaSameValue" classname="interview.StudentManagerTest" time="0"/>
</testsuite>