<?xml version="1.0" encoding="UTF-8"?>
<testsuite xmlns:xsi="http://www.w3.org/2001/XMLSchema-instance" xsi:noNamespaceSchemaLocation="https://maven.apache.org/surefire/maven-surefire-plugin/xsd/surefire-test-report.xsd" name="interview.GradeCalculatorTest" time="0.006" tests="22" errors="1" skipped="0" failures="3">
  <properties>
[...]
</properties>
  <testcase name="testLetterGradeToGPAWithSpaces" classname="interview.GradeCalculatorTest" time="0">
    <error message="Invalid letter grade:  A- " type="java.lang.IllegalArgumentException">java.lang.IllegalArgumentException: Invalid letter grade:  A- 
	at interview.GradeCalculatorTest.testLetterGradeToGPAWithSpaces(GradeCalculatorTest.java:197)
</error>
  </testcase>
  <testcase name="testCanMakeDeansList" classname="interview.GradeCalculatorTest" time="0"/>
  <testcase name="testCanMakeDeansListAlreadyQualified" classname="interview.GradeCalculatorTest" time="0"/>
  <testcase name="testLetterGradeToGPA" classname="interview.GradeCalculatorTest" time="0"/>
  <testcase name="testPercentageToLetterGrade" classname="interview.GradeCalculatorTest" time="0.001"/>
  <testcase name="testCalculateWeightedGPAMismatchedCourses" classname="interview.GradeCalculatorTest" time="0"/>
  <testcase name="testCalculateWeightedGPA" classname="interview.GradeCalculatorTest" time="0"/>
  <testcase name="testCalculateRequiredGPAImpossible" classname="interview.GradeCalculatorTest" time="0"/>
  <testcase name="testCalculateSemesterGPAWithInvalidGrades" classname="interview.GradeCalculatorTest" time="0.002">
    <failure message="Should throw exception for negative grades ==&gt; Expected java.lang.IllegalArgumentException to be thrown, but nothing was thrown." type="org.opentest4j.AssertionFailedError">org.opentest4j.AssertionFailedError: Should throw exception for negative grades ==> Expected java.lang.IllegalArgumentException to be thrown, but nothing was thrown.
	at interview.GradeCalculatorTest.testCalculateSemesterGPAWithInvalidGrades(GradeCalculatorTest.java:206)
</failure>
  </testcase>
  <testcase name="testCalculateRequiredGPAFirstSemester" classname="interview.GradeCalculatorTest" time="0"/>
  <testcase name="testCalculateSemesterGPANull" classname="interview.GradeCalculatorTest" time="0.001"/>
  <testcase name="testPercentageToLetterGradeInvalid" classname="interview.GradeCalculatorTest" time="0"/>
  <testcase name="testCalculateGradeStatisticsMedianEven" classname="interview.GradeCalculatorTest" time="0"/>
  <testcase name="testCalculateSemesterGPA" classname="interview.GradeCalculatorTest" time="0"/>
  <testcase name="testCalculateRequiredGPAAlreadyMet" classname="interview.GradeCalculatorTest" time="0.001">
    <failure message="When already above target, required GPA should be 0 or negative ==&gt; expected: &lt;true&gt; but was: &lt;false&gt;" type="org.opentest4j.AssertionFailedError"><![CDATA[org.opentest4j.AssertionFailedError: When already above target, required GPA should be 0 or negative ==> expected: <true> but was: <false>
	at interview.GradeCalculatorTest.testCalculateRequiredGPAAlreadyMet(GradeCalculatorTest.java:181)
]]></failure>
  </testcase>
  <testcase name="testPercentage100" classname="interview.GradeCalculatorTest" time="0"/>
  <testcase name="testPercentageToLetterGradeBoundary" classname="interview.GradeCalculatorTest" time="0"/>
  <testcase name="testCalculateWeightedGPAEmpty" classname="interview.GradeCalculatorTest" time="0"/>
  <testcase name="testLetterGradeToGPACaseSensitive" classname="interview.GradeCalculatorTest" time="0.001"/>
  <testcase name="testCalculateRequiredGPA" classname="interview.GradeCalculatorTest" time="0">
    <failure message="expected: &lt;4.0&gt; but was: &lt;4.5&gt;" type="org.opentest4j.AssertionFailedError"><![CDATA[org.opentest4j.AssertionFailedError: expected: <4.0> but was: <4.5>
	at interview.GradeCalculatorTest.testCalculateRequiredGPA(GradeCalculatorTest.java:49)
]]></failure>
  </testcase>
  <testcase name="testPercentageExactly93" classname="interview.GradeCalculatorTest" time="0"/>
  <testcase name="testCalculateGradeStatisticsSingleValue" classname="interview.GradeCalculatorTest" time="0"/>
</testsuite>